2021-10-27 00:52:58,215 - test - INFO - DCRNNModel(
  (encoder): DCRNNEncoder(
    (encoding_cells): ModuleList(
      (0): DCGRUCell(
        (dconv_gate): DiffusionGraphConv()
        (dconv_candidate): DiffusionGraphConv()
      )
      (1): DCGRUCell(
        (dconv_gate): DiffusionGraphConv()
        (dconv_candidate): DiffusionGraphConv()
      )
    )
  )
  (decoder): DCGRUDecoder(
    (decoding_cells): ModuleList(
      (0): DCGRUCell(
        (dconv_gate): DiffusionGraphConv()
        (dconv_candidate): DiffusionGraphConv()
      )
      (1): DCGRUCell(
        (dconv_gate): DiffusionGraphConv()
        (dconv_candidate): DiffusionGraphConv()
        (project): Linear(in_features=64, out_features=1, bias=True)
      )
    )
  )
)
Trainable parameters: 371393
2021-10-27 00:52:58,217 - test - INFO - Loading checkpoint: /root/pytorch-DCRNN/saved/manhattan/models/Manhattan_DCRNN/1026_205224/model_best.pth ...
2021-10-27 00:53:20,084 - test - INFO - Inference time: 21.8562 s
2021-10-27 00:53:20,106 - test - INFO - {'Horizon': 1, 'MAE': 19.817144, 'MAPE': 0.8409860454661408, 'RMSE': 74.91034}
