2021-10-18 21:33:22,471 - test - INFO - DCRNNModel(
  (encoder): DCRNNEncoder(
    (encoding_cells): ModuleList(
      (0): DCGRUCell(
        (dconv_gate): DiffusionGraphConv()
        (dconv_candidate): DiffusionGraphConv()
      )
      (1): DCGRUCell(
        (dconv_gate): DiffusionGraphConv()
        (dconv_candidate): DiffusionGraphConv()
      )
    )
  )
  (decoder): DCGRUDecoder(
    (decoding_cells): ModuleList(
      (0): DCGRUCell(
        (dconv_gate): DiffusionGraphConv()
        (dconv_candidate): DiffusionGraphConv()
      )
      (1): DCGRUCell(
        (dconv_gate): DiffusionGraphConv()
        (dconv_candidate): DiffusionGraphConv()
        (project): Linear(in_features=64, out_features=1, bias=True)
      )
    )
  )
)
Trainable parameters: 371393
2021-10-18 21:33:22,473 - test - INFO - Loading checkpoint: /root/pytorch-DCRNN/saved/round2/models/Round2_DCRNN/1018_150933/model_best.pth ...
2021-10-18 21:33:33,740 - test - INFO - Inference time: 11.2585 s
2021-10-18 21:33:33,751 - test - INFO - {'Horizon': 1, 'MAE': 7.213125, 'MAPE': 0.6249888416123267, 'RMSE': 19.678234}
