2021-10-27 15:16:03,550 - test - INFO - DCRNNModel(
  (encoder): DCRNNEncoder(
    (encoding_cells): ModuleList(
      (0): DCGRUCell(
        (dconv_gate): DiffusionGraphConv()
        (dconv_candidate): DiffusionGraphConv()
      )
      (1): DCGRUCell(
        (dconv_gate): DiffusionGraphConv()
        (dconv_candidate): DiffusionGraphConv()
      )
    )
  )
  (decoder): DCGRUDecoder(
    (decoding_cells): ModuleList(
      (0): DCGRUCell(
        (dconv_gate): DiffusionGraphConv()
        (dconv_candidate): DiffusionGraphConv()
      )
      (1): DCGRUCell(
        (dconv_gate): DiffusionGraphConv()
        (dconv_candidate): DiffusionGraphConv()
        (project): Linear(in_features=64, out_features=1, bias=True)
      )
    )
  )
)
Trainable parameters: 371393
2021-10-27 15:16:03,552 - test - INFO - Loading checkpoint: /root/pytorch-DCRNN/saved/round2/models/Round2_DCRNN/1018_150933/model_best.pth ...
2021-10-27 15:16:15,582 - test - INFO - Inference time: 12.0212 s
2021-10-27 15:16:15,597 - test - INFO - {'Horizon': 1, 'MAE': 1880.902, 'MAPE': 0.624988841670503, 'RMSE': 14956.432}
