2021-10-10 17:20:56,222 - train - INFO - DCRNNModel(
  (encoder): DCRNNEncoder(
    (encoding_cells): ModuleList(
      (0): DCGRUCell(
        (dconv_gate): DiffusionGraphConv()
        (dconv_candidate): DiffusionGraphConv()
      )
      (1): DCGRUCell(
        (dconv_gate): DiffusionGraphConv()
        (dconv_candidate): DiffusionGraphConv()
      )
    )
  )
  (decoder): DCGRUDecoder(
    (decoding_cells): ModuleList(
      (0): DCGRUCell(
        (dconv_gate): DiffusionGraphConv()
        (dconv_candidate): DiffusionGraphConv()
      )
      (1): DCGRUCell(
        (dconv_gate): DiffusionGraphConv()
        (dconv_candidate): DiffusionGraphConv()
        (project): Linear(in_features=64, out_features=1, bias=True)
      )
    )
  )
)
Trainable parameters: 372353
2021-10-10 17:20:56,225 - trainer - WARNING - Warning: There's no GPU available on this machine,training will be performed on CPU.
