2021-10-27 15:24:00,296 - test - INFO - DCRNNModel(
  (encoder): DCRNNEncoder(
    (encoding_cells): ModuleList(
      (0): DCGRUCell(
        (dconv_gate): DiffusionGraphConv()
        (dconv_candidate): DiffusionGraphConv()
      )
      (1): DCGRUCell(
        (dconv_gate): DiffusionGraphConv()
        (dconv_candidate): DiffusionGraphConv()
      )
    )
  )
  (decoder): DCGRUDecoder(
    (decoding_cells): ModuleList(
      (0): DCGRUCell(
        (dconv_gate): DiffusionGraphConv()
        (dconv_candidate): DiffusionGraphConv()
      )
      (1): DCGRUCell(
        (dconv_gate): DiffusionGraphConv()
        (dconv_candidate): DiffusionGraphConv()
        (project): Linear(in_features=64, out_features=1, bias=True)
      )
    )
  )
)
Trainable parameters: 371393
2021-10-27 15:24:00,298 - test - INFO - Loading checkpoint: /root/pytorch-DCRNN/saved/hangzhou/models/Hangzhou_DCRNN/1027_005347/model_best.pth ...
2021-10-27 15:24:17,752 - test - INFO - Inference time: 17.4418 s
2021-10-27 15:24:17,777 - test - INFO - {'Horizon': 1, 'MAE': 11.250374, 'MAPE': 0.6636724102866204, 'RMSE': 31.656376}
